<?xml version="1.0" encoding="UTF-8"?>
<testsuite xmlns:xsi="http://www.w3.org/2001/XMLSchema-instance" xsi:noNamespaceSchemaLocation="https://maven.apache.org/surefire/maven-surefire-plugin/xsd/surefire-test-report-3.0.xsd" version="3.0" name="applicationrunner.Tests" time="14.367" tests="1" errors="0" skipped="0" failures="0">
  <properties>
    <property name="java.specification.version" value="17"/>
    <property name="sun.cpu.isalist" value="amd64"/>
    <property name="sun.jnu.encoding" value="Cp1252"/>
    <property name="java.class.path" value="C:\Users\Aina\.m2\repository\org\apache\maven\surefire\surefire-booter\3.2.1\surefire-booter-3.2.1.jar;C:\Users\Aina\.m2\repository\org\apache\maven\surefire\surefire-api\3.2.1\surefire-api-3.2.1.jar;C:\Users\Aina\.m2\repository\org\apache\maven\surefire\surefire-logger-api\3.2.1\surefire-logger-api-3.2.1.jar;C:\Users\Aina\.m2\repository\org\apache\maven\surefire\surefire-shared-utils\3.2.1\surefire-shared-utils-3.2.1.jar;C:\Users\Aina\.m2\repository\org\apache\maven\surefire\surefire-extensions-spi\3.2.1\surefire-extensions-spi-3.2.1.jar;D:\test automation projects\pixel-pals-tests\target\test-classes;D:\test automation projects\pixel-pals-tests\target\classes;C:\Users\Aina\.m2\repository\io\cucumber\cucumber-java\7.3.3\cucumber-java-7.3.3.jar;C:\Users\Aina\.m2\repository\io\cucumber\cucumber-core\7.3.3\cucumber-core-7.3.3.jar;C:\Users\Aina\.m2\repository\io\cucumber\cucumber-gherkin\7.3.3\cucumber-gherkin-7.3.3.jar;C:\Users\Aina\.m2\repository\io\cucumber\cucumber-gherkin-messages\7.3.3\cucumber-gherkin-messages-7.3.3.jar;C:\Users\Aina\.m2\repository\io\cucumber\gherkin\23.0.1\gherkin-23.0.1.jar;C:\Users\Aina\.m2\repository\io\cucumber\messages\18.0.0\messages-18.0.0.jar;C:\Users\Aina\.m2\repository\io\cucumber\tag-expressions\4.1.0\tag-expressions-4.1.0.jar;C:\Users\Aina\.m2\repository\io\cucumber\cucumber-expressions\15.1.1\cucumber-expressions-15.1.1.jar;C:\Users\Aina\.m2\repository\io\cucumber\datatable\7.3.3\datatable-7.3.3.jar;C:\Users\Aina\.m2\repository\io\cucumber\cucumber-plugin\7.3.3\cucumber-plugin-7.3.3.jar;C:\Users\Aina\.m2\repository\io\cucumber\docstring\7.3.3\docstring-7.3.3.jar;C:\Users\Aina\.m2\repository\io\cucumber\html-formatter\19.1.0\html-formatter-19.1.0.jar;C:\Users\Aina\.m2\repository\io\cucumber\ci-environment\9.0.4\ci-environment-9.0.4.jar;C:\Users\Aina\.m2\repository\org\apiguardian\apiguardian-api\1.1.2\apiguardian-api-1.1.2.jar;C:\Users\Aina\.m2\repository\io\cucumber\cucumber-testng\7.3.3\cucumber-testng-7.3.3.jar;C:\Users\Aina\.m2\repository\org\testng\testng\7.5\testng-7.5.jar;C:\Users\Aina\.m2\repository\com\google\code\findbugs\jsr305\3.0.1\jsr305-3.0.1.jar;C:\Users\Aina\.m2\repository\com\beust\jcommander\1.78\jcommander-1.78.jar;C:\Users\Aina\.m2\repository\org\webjars\jquery\3.5.1\jquery-3.5.1.jar;C:\Users\Aina\.m2\repository\io\cucumber\cucumber-picocontainer\7.3.3\cucumber-picocontainer-7.3.3.jar;C:\Users\Aina\.m2\repository\org\picocontainer\picocontainer\2.15\picocontainer-2.15.jar;C:\Users\Aina\.m2\repository\org\seleniumhq\selenium\selenium-java\4.16.1\selenium-java-4.16.1.jar;C:\Users\Aina\.m2\repository\org\seleniumhq\selenium\selenium-api\4.16.1\selenium-api-4.16.1.jar;C:\Users\Aina\.m2\repository\org\seleniumhq\selenium\selenium-chrome-driver\4.16.1\selenium-chrome-driver-4.16.1.jar;C:\Users\Aina\.m2\repository\com\google\auto\service\auto-service-annotations\1.1.1\auto-service-annotations-1.1.1.jar;C:\Users\Aina\.m2\repository\org\seleniumhq\selenium\selenium-chromium-driver\4.16.1\selenium-chromium-driver-4.16.1.jar;C:\Users\Aina\.m2\repository\org\seleniumhq\selenium\selenium-json\4.16.1\selenium-json-4.16.1.jar;C:\Users\Aina\.m2\repository\org\seleniumhq\selenium\selenium-manager\4.16.1\selenium-manager-4.16.1.jar;C:\Users\Aina\.m2\repository\org\seleniumhq\selenium\selenium-devtools-v118\4.16.1\selenium-devtools-v118-4.16.1.jar;C:\Users\Aina\.m2\repository\org\seleniumhq\selenium\selenium-devtools-v119\4.16.1\selenium-devtools-v119-4.16.1.jar;C:\Users\Aina\.m2\repository\org\seleniumhq\selenium\selenium-devtools-v120\4.16.1\selenium-devtools-v120-4.16.1.jar;C:\Users\Aina\.m2\repository\org\seleniumhq\selenium\selenium-devtools-v85\4.16.1\selenium-devtools-v85-4.16.1.jar;C:\Users\Aina\.m2\repository\org\seleniumhq\selenium\selenium-edge-driver\4.16.1\selenium-edge-driver-4.16.1.jar;C:\Users\Aina\.m2\repository\org\seleniumhq\selenium\selenium-firefox-driver\4.16.1\selenium-firefox-driver-4.16.1.jar;C:\Users\Aina\.m2\repository\org\seleniumhq\selenium\selenium-http\4.16.1\selenium-http-4.16.1.jar;C:\Users\Aina\.m2\repository\dev\failsafe\failsafe\3.3.2\failsafe-3.3.2.jar;C:\Users\Aina\.m2\repository\org\seleniumhq\selenium\selenium-ie-driver\4.16.1\selenium-ie-driver-4.16.1.jar;C:\Users\Aina\.m2\repository\org\seleniumhq\selenium\selenium-remote-driver\4.16.1\selenium-remote-driver-4.16.1.jar;C:\Users\Aina\.m2\repository\com\google\guava\guava\32.1.2-jre\guava-32.1.2-jre.jar;C:\Users\Aina\.m2\repository\com\google\guava\failureaccess\1.0.1\failureaccess-1.0.1.jar;C:\Users\Aina\.m2\repository\com\google\guava\listenablefuture\9999.0-empty-to-avoid-conflict-with-guava\listenablefuture-9999.0-empty-to-avoid-conflict-with-guava.jar;C:\Users\Aina\.m2\repository\org\checkerframework\checker-qual\3.33.0\checker-qual-3.33.0.jar;C:\Users\Aina\.m2\repository\com\google\errorprone\error_prone_annotations\2.18.0\error_prone_annotations-2.18.0.jar;C:\Users\Aina\.m2\repository\com\google\j2objc\j2objc-annotations\2.8\j2objc-annotations-2.8.jar;C:\Users\Aina\.m2\repository\io\opentelemetry\opentelemetry-api\1.28.0\opentelemetry-api-1.28.0.jar;C:\Users\Aina\.m2\repository\io\opentelemetry\opentelemetry-context\1.28.0\opentelemetry-context-1.28.0.jar;C:\Users\Aina\.m2\repository\io\opentelemetry\opentelemetry-exporter-logging\1.28.0\opentelemetry-exporter-logging-1.28.0.jar;C:\Users\Aina\.m2\repository\io\opentelemetry\opentelemetry-sdk-metrics\1.28.0\opentelemetry-sdk-metrics-1.28.0.jar;C:\Users\Aina\.m2\repository\io\opentelemetry\opentelemetry-extension-incubator\1.28.0-alpha\opentelemetry-extension-incubator-1.28.0-alpha.jar;C:\Users\Aina\.m2\repository\io\opentelemetry\opentelemetry-sdk-logs\1.28.0\opentelemetry-sdk-logs-1.28.0.jar;C:\Users\Aina\.m2\repository\io\opentelemetry\opentelemetry-sdk-common\1.28.0\opentelemetry-sdk-common-1.28.0.jar;C:\Users\Aina\.m2\repository\io\opentelemetry\opentelemetry-sdk-extension-autoconfigure-spi\1.28.0\opentelemetry-sdk-extension-autoconfigure-spi-1.28.0.jar;C:\Users\Aina\.m2\repository\io\opentelemetry\opentelemetry-sdk-extension-autoconfigure\1.28.0\opentelemetry-sdk-extension-autoconfigure-1.28.0.jar;C:\Users\Aina\.m2\repository\io\opentelemetry\opentelemetry-api-events\1.28.0-alpha\opentelemetry-api-events-1.28.0-alpha.jar;C:\Users\Aina\.m2\repository\io\opentelemetry\opentelemetry-sdk-trace\1.28.0\opentelemetry-sdk-trace-1.28.0.jar;C:\Users\Aina\.m2\repository\io\opentelemetry\opentelemetry-sdk\1.28.0\opentelemetry-sdk-1.28.0.jar;C:\Users\Aina\.m2\repository\io\opentelemetry\opentelemetry-semconv\1.28.0-alpha\opentelemetry-semconv-1.28.0-alpha.jar;C:\Users\Aina\.m2\repository\net\bytebuddy\byte-buddy\1.14.5\byte-buddy-1.14.5.jar;C:\Users\Aina\.m2\repository\org\seleniumhq\selenium\selenium-os\4.16.1\selenium-os-4.16.1.jar;C:\Users\Aina\.m2\repository\org\apache\commons\commons-exec\1.3\commons-exec-1.3.jar;C:\Users\Aina\.m2\repository\org\seleniumhq\selenium\selenium-safari-driver\4.16.1\selenium-safari-driver-4.16.1.jar;C:\Users\Aina\.m2\repository\org\seleniumhq\selenium\selenium-support\4.16.1\selenium-support-4.16.1.jar;C:\Users\Aina\.m2\repository\ch\qos\logback\logback-classic\1.2.13\logback-classic-1.2.13.jar;C:\Users\Aina\.m2\repository\ch\qos\logback\logback-core\1.2.13\logback-core-1.2.13.jar;C:\Users\Aina\.m2\repository\org\slf4j\slf4j-api\1.7.32\slf4j-api-1.7.32.jar;C:\Users\Aina\.m2\repository\org\projectlombok\lombok\1.18.32\lombok-1.18.32.jar;C:\Users\Aina\.m2\repository\com\github\javafaker\javafaker\0.12\javafaker-0.12.jar;C:\Users\Aina\.m2\repository\org\apache\commons\commons-lang3\3.5\commons-lang3-3.5.jar;C:\Users\Aina\.m2\repository\com\github\mifmif\generex\1.0.2\generex-1.0.2.jar;C:\Users\Aina\.m2\repository\dk\brics\automaton\automaton\1.11-8\automaton-1.11-8.jar;C:\Users\Aina\.m2\repository\io\appium\java-client\9.0.0\java-client-9.0.0.jar;C:\Users\Aina\.m2\repository\com\google\code\gson\gson\2.10.1\gson-2.10.1.jar;C:\Users\Aina\.m2\repository\commons-io\commons-io\2.11.0\commons-io-2.11.0.jar;C:\Users\Aina\.m2\repository\io\github\bonigarcia\webdrivermanager\5.6.2\webdrivermanager-5.6.2.jar;C:\Users\Aina\.m2\repository\com\github\docker-java\docker-java\3.3.4\docker-java-3.3.4.jar;C:\Users\Aina\.m2\repository\com\github\docker-java\docker-java-core\3.3.4\docker-java-core-3.3.4.jar;C:\Users\Aina\.m2\repository\com\github\docker-java\docker-java-api\3.3.4\docker-java-api-3.3.4.jar;C:\Users\Aina\.m2\repository\com\fasterxml\jackson\core\jackson-annotations\2.10.3\jackson-annotations-2.10.3.jar;C:\Users\Aina\.m2\repository\com\fasterxml\jackson\core\jackson-databind\2.10.3\jackson-databind-2.10.3.jar;C:\Users\Aina\.m2\repository\com\fasterxml\jackson\core\jackson-core\2.10.3\jackson-core-2.10.3.jar;C:\Users\Aina\.m2\repository\org\bouncycastle\bcpkix-jdk18on\1.76\bcpkix-jdk18on-1.76.jar;C:\Users\Aina\.m2\repository\org\bouncycastle\bcprov-jdk18on\1.76\bcprov-jdk18on-1.76.jar;C:\Users\Aina\.m2\repository\org\bouncycastle\bcutil-jdk18on\1.76\bcutil-jdk18on-1.76.jar;C:\Users\Aina\.m2\repository\org\slf4j\jcl-over-slf4j\1.7.30\jcl-over-slf4j-1.7.30.jar;C:\Users\Aina\.m2\repository\com\github\docker-java\docker-java-transport-httpclient5\3.3.4\docker-java-transport-httpclient5-3.3.4.jar;C:\Users\Aina\.m2\repository\com\github\docker-java\docker-java-transport\3.3.4\docker-java-transport-3.3.4.jar;C:\Users\Aina\.m2\repository\net\java\dev\jna\jna\5.13.0\jna-5.13.0.jar;C:\Users\Aina\.m2\repository\org\brotli\dec\0.1.2\dec-0.1.2.jar;C:\Users\Aina\.m2\repository\org\apache\commons\commons-compress\1.24.0\commons-compress-1.24.0.jar;C:\Users\Aina\.m2\repository\org\apache\httpcomponents\client5\httpclient5\5.2.1\httpclient5-5.2.1.jar;C:\Users\Aina\.m2\repository\org\apache\httpcomponents\core5\httpcore5\5.2\httpcore5-5.2.jar;C:\Users\Aina\.m2\repository\org\apache\httpcomponents\core5\httpcore5-h2\5.2\httpcore5-h2-5.2.jar;C:\Users\Aina\.m2\repository\org\apache\maven\surefire\surefire-testng\3.2.1\surefire-testng-3.2.1.jar;C:\Users\Aina\.m2\repository\org\apache\maven\surefire\common-java5\3.2.1\common-java5-3.2.1.jar;C:\Users\Aina\.m2\repository\org\apache\maven\surefire\surefire-testng-utils\3.2.1\surefire-testng-utils-3.2.1.jar;C:\Users\Aina\.m2\repository\org\apache\maven\surefire\surefire-grouper\3.2.1\surefire-grouper-3.2.1.jar"/>
    <property name="java.vm.vendor" value="Amazon.com Inc."/>
    <property name="sun.arch.data.model" value="64"/>
    <property name="user.variant" value=""/>
    <property name="java.vendor.url" value="https://aws.amazon.com/corretto/"/>
    <property name="user.timezone" value="Asia/Singapore"/>
    <property name="os.name" value="Windows 10"/>
    <property name="java.vm.specification.version" value="17"/>
    <property name="dataproviderthreadcount" value="3"/>
    <property name="sun.java.launcher" value="SUN_STANDARD"/>
    <property name="user.country" value="SG"/>
    <property name="sun.boot.library.path" value="C:\Users\Aina\.jdks\corretto-17.0.10\bin"/>
    <property name="sun.java.command" value="org.apache.maven.surefire.booter.ForkedBooter C:\Users\Aina\AppData\Local\Temp\surefire17349574308404135129 2024-04-01T14-18-19_127-jvmRun1 surefire-20240401141819362_1tmp surefire_0-20240401141819362_2tmp"/>
    <property name="jdk.debug" value="release"/>
    <property name="surefire.test.class.path" value="D:\test automation projects\pixel-pals-tests\target\test-classes;D:\test automation projects\pixel-pals-tests\target\classes;C:\Users\Aina\.m2\repository\io\cucumber\cucumber-java\7.3.3\cucumber-java-7.3.3.jar;C:\Users\Aina\.m2\repository\io\cucumber\cucumber-core\7.3.3\cucumber-core-7.3.3.jar;C:\Users\Aina\.m2\repository\io\cucumber\cucumber-gherkin\7.3.3\cucumber-gherkin-7.3.3.jar;C:\Users\Aina\.m2\repository\io\cucumber\cucumber-gherkin-messages\7.3.3\cucumber-gherkin-messages-7.3.3.jar;C:\Users\Aina\.m2\repository\io\cucumber\gherkin\23.0.1\gherkin-23.0.1.jar;C:\Users\Aina\.m2\repository\io\cucumber\messages\18.0.0\messages-18.0.0.jar;C:\Users\Aina\.m2\repository\io\cucumber\tag-expressions\4.1.0\tag-expressions-4.1.0.jar;C:\Users\Aina\.m2\repository\io\cucumber\cucumber-expressions\15.1.1\cucumber-expressions-15.1.1.jar;C:\Users\Aina\.m2\repository\io\cucumber\datatable\7.3.3\datatable-7.3.3.jar;C:\Users\Aina\.m2\repository\io\cucumber\cucumber-plugin\7.3.3\cucumber-plugin-7.3.3.jar;C:\Users\Aina\.m2\repository\io\cucumber\docstring\7.3.3\docstring-7.3.3.jar;C:\Users\Aina\.m2\repository\io\cucumber\html-formatter\19.1.0\html-formatter-19.1.0.jar;C:\Users\Aina\.m2\repository\io\cucumber\ci-environment\9.0.4\ci-environment-9.0.4.jar;C:\Users\Aina\.m2\repository\org\apiguardian\apiguardian-api\1.1.2\apiguardian-api-1.1.2.jar;C:\Users\Aina\.m2\repository\io\cucumber\cucumber-testng\7.3.3\cucumber-testng-7.3.3.jar;C:\Users\Aina\.m2\repository\org\testng\testng\7.5\testng-7.5.jar;C:\Users\Aina\.m2\repository\com\google\code\findbugs\jsr305\3.0.1\jsr305-3.0.1.jar;C:\Users\Aina\.m2\repository\com\beust\jcommander\1.78\jcommander-1.78.jar;C:\Users\Aina\.m2\repository\org\webjars\jquery\3.5.1\jquery-3.5.1.jar;C:\Users\Aina\.m2\repository\io\cucumber\cucumber-picocontainer\7.3.3\cucumber-picocontainer-7.3.3.jar;C:\Users\Aina\.m2\repository\org\picocontainer\picocontainer\2.15\picocontainer-2.15.jar;C:\Users\Aina\.m2\repository\org\seleniumhq\selenium\selenium-java\4.16.1\selenium-java-4.16.1.jar;C:\Users\Aina\.m2\repository\org\seleniumhq\selenium\selenium-api\4.16.1\selenium-api-4.16.1.jar;C:\Users\Aina\.m2\repository\org\seleniumhq\selenium\selenium-chrome-driver\4.16.1\selenium-chrome-driver-4.16.1.jar;C:\Users\Aina\.m2\repository\com\google\auto\service\auto-service-annotations\1.1.1\auto-service-annotations-1.1.1.jar;C:\Users\Aina\.m2\repository\org\seleniumhq\selenium\selenium-chromium-driver\4.16.1\selenium-chromium-driver-4.16.1.jar;C:\Users\Aina\.m2\repository\org\seleniumhq\selenium\selenium-json\4.16.1\selenium-json-4.16.1.jar;C:\Users\Aina\.m2\repository\org\seleniumhq\selenium\selenium-manager\4.16.1\selenium-manager-4.16.1.jar;C:\Users\Aina\.m2\repository\org\seleniumhq\selenium\selenium-devtools-v118\4.16.1\selenium-devtools-v118-4.16.1.jar;C:\Users\Aina\.m2\repository\org\seleniumhq\selenium\selenium-devtools-v119\4.16.1\selenium-devtools-v119-4.16.1.jar;C:\Users\Aina\.m2\repository\org\seleniumhq\selenium\selenium-devtools-v120\4.16.1\selenium-devtools-v120-4.16.1.jar;C:\Users\Aina\.m2\repository\org\seleniumhq\selenium\selenium-devtools-v85\4.16.1\selenium-devtools-v85-4.16.1.jar;C:\Users\Aina\.m2\repository\org\seleniumhq\selenium\selenium-edge-driver\4.16.1\selenium-edge-driver-4.16.1.jar;C:\Users\Aina\.m2\repository\org\seleniumhq\selenium\selenium-firefox-driver\4.16.1\selenium-firefox-driver-4.16.1.jar;C:\Users\Aina\.m2\repository\org\seleniumhq\selenium\selenium-http\4.16.1\selenium-http-4.16.1.jar;C:\Users\Aina\.m2\repository\dev\failsafe\failsafe\3.3.2\failsafe-3.3.2.jar;C:\Users\Aina\.m2\repository\org\seleniumhq\selenium\selenium-ie-driver\4.16.1\selenium-ie-driver-4.16.1.jar;C:\Users\Aina\.m2\repository\org\seleniumhq\selenium\selenium-remote-driver\4.16.1\selenium-remote-driver-4.16.1.jar;C:\Users\Aina\.m2\repository\com\google\guava\guava\32.1.2-jre\guava-32.1.2-jre.jar;C:\Users\Aina\.m2\repository\com\google\guava\failureaccess\1.0.1\failureaccess-1.0.1.jar;C:\Users\Aina\.m2\repository\com\google\guava\listenablefuture\9999.0-empty-to-avoid-conflict-with-guava\listenablefuture-9999.0-empty-to-avoid-conflict-with-guava.jar;C:\Users\Aina\.m2\repository\org\checkerframework\checker-qual\3.33.0\checker-qual-3.33.0.jar;C:\Users\Aina\.m2\repository\com\google\errorprone\error_prone_annotations\2.18.0\error_prone_annotations-2.18.0.jar;C:\Users\Aina\.m2\repository\com\google\j2objc\j2objc-annotations\2.8\j2objc-annotations-2.8.jar;C:\Users\Aina\.m2\repository\io\opentelemetry\opentelemetry-api\1.28.0\opentelemetry-api-1.28.0.jar;C:\Users\Aina\.m2\repository\io\opentelemetry\opentelemetry-context\1.28.0\opentelemetry-context-1.28.0.jar;C:\Users\Aina\.m2\repository\io\opentelemetry\opentelemetry-exporter-logging\1.28.0\opentelemetry-exporter-logging-1.28.0.jar;C:\Users\Aina\.m2\repository\io\opentelemetry\opentelemetry-sdk-metrics\1.28.0\opentelemetry-sdk-metrics-1.28.0.jar;C:\Users\Aina\.m2\repository\io\opentelemetry\opentelemetry-extension-incubator\1.28.0-alpha\opentelemetry-extension-incubator-1.28.0-alpha.jar;C:\Users\Aina\.m2\repository\io\opentelemetry\opentelemetry-sdk-logs\1.28.0\opentelemetry-sdk-logs-1.28.0.jar;C:\Users\Aina\.m2\repository\io\opentelemetry\opentelemetry-sdk-common\1.28.0\opentelemetry-sdk-common-1.28.0.jar;C:\Users\Aina\.m2\repository\io\opentelemetry\opentelemetry-sdk-extension-autoconfigure-spi\1.28.0\opentelemetry-sdk-extension-autoconfigure-spi-1.28.0.jar;C:\Users\Aina\.m2\repository\io\opentelemetry\opentelemetry-sdk-extension-autoconfigure\1.28.0\opentelemetry-sdk-extension-autoconfigure-1.28.0.jar;C:\Users\Aina\.m2\repository\io\opentelemetry\opentelemetry-api-events\1.28.0-alpha\opentelemetry-api-events-1.28.0-alpha.jar;C:\Users\Aina\.m2\repository\io\opentelemetry\opentelemetry-sdk-trace\1.28.0\opentelemetry-sdk-trace-1.28.0.jar;C:\Users\Aina\.m2\repository\io\opentelemetry\opentelemetry-sdk\1.28.0\opentelemetry-sdk-1.28.0.jar;C:\Users\Aina\.m2\repository\io\opentelemetry\opentelemetry-semconv\1.28.0-alpha\opentelemetry-semconv-1.28.0-alpha.jar;C:\Users\Aina\.m2\repository\net\bytebuddy\byte-buddy\1.14.5\byte-buddy-1.14.5.jar;C:\Users\Aina\.m2\repository\org\seleniumhq\selenium\selenium-os\4.16.1\selenium-os-4.16.1.jar;C:\Users\Aina\.m2\repository\org\apache\commons\commons-exec\1.3\commons-exec-1.3.jar;C:\Users\Aina\.m2\repository\org\seleniumhq\selenium\selenium-safari-driver\4.16.1\selenium-safari-driver-4.16.1.jar;C:\Users\Aina\.m2\repository\org\seleniumhq\selenium\selenium-support\4.16.1\selenium-support-4.16.1.jar;C:\Users\Aina\.m2\repository\ch\qos\logback\logback-classic\1.2.13\logback-classic-1.2.13.jar;C:\Users\Aina\.m2\repository\ch\qos\logback\logback-core\1.2.13\logback-core-1.2.13.jar;C:\Users\Aina\.m2\repository\org\slf4j\slf4j-api\1.7.32\slf4j-api-1.7.32.jar;C:\Users\Aina\.m2\repository\org\projectlombok\lombok\1.18.32\lombok-1.18.32.jar;C:\Users\Aina\.m2\repository\com\github\javafaker\javafaker\0.12\javafaker-0.12.jar;C:\Users\Aina\.m2\repository\org\apache\commons\commons-lang3\3.5\commons-lang3-3.5.jar;C:\Users\Aina\.m2\repository\com\github\mifmif\generex\1.0.2\generex-1.0.2.jar;C:\Users\Aina\.m2\repository\dk\brics\automaton\automaton\1.11-8\automaton-1.11-8.jar;C:\Users\Aina\.m2\repository\io\appium\java-client\9.0.0\java-client-9.0.0.jar;C:\Users\Aina\.m2\repository\com\google\code\gson\gson\2.10.1\gson-2.10.1.jar;C:\Users\Aina\.m2\repository\commons-io\commons-io\2.11.0\commons-io-2.11.0.jar;C:\Users\Aina\.m2\repository\io\github\bonigarcia\webdrivermanager\5.6.2\webdrivermanager-5.6.2.jar;C:\Users\Aina\.m2\repository\com\github\docker-java\docker-java\3.3.4\docker-java-3.3.4.jar;C:\Users\Aina\.m2\repository\com\github\docker-java\docker-java-core\3.3.4\docker-java-core-3.3.4.jar;C:\Users\Aina\.m2\repository\com\github\docker-java\docker-java-api\3.3.4\docker-java-api-3.3.4.jar;C:\Users\Aina\.m2\repository\com\fasterxml\jackson\core\jackson-annotations\2.10.3\jackson-annotations-2.10.3.jar;C:\Users\Aina\.m2\repository\com\fasterxml\jackson\core\jackson-databind\2.10.3\jackson-databind-2.10.3.jar;C:\Users\Aina\.m2\repository\com\fasterxml\jackson\core\jackson-core\2.10.3\jackson-core-2.10.3.jar;C:\Users\Aina\.m2\repository\org\bouncycastle\bcpkix-jdk18on\1.76\bcpkix-jdk18on-1.76.jar;C:\Users\Aina\.m2\repository\org\bouncycastle\bcprov-jdk18on\1.76\bcprov-jdk18on-1.76.jar;C:\Users\Aina\.m2\repository\org\bouncycastle\bcutil-jdk18on\1.76\bcutil-jdk18on-1.76.jar;C:\Users\Aina\.m2\repository\org\slf4j\jcl-over-slf4j\1.7.30\jcl-over-slf4j-1.7.30.jar;C:\Users\Aina\.m2\repository\com\github\docker-java\docker-java-transport-httpclient5\3.3.4\docker-java-transport-httpclient5-3.3.4.jar;C:\Users\Aina\.m2\repository\com\github\docker-java\docker-java-transport\3.3.4\docker-java-transport-3.3.4.jar;C:\Users\Aina\.m2\repository\net\java\dev\jna\jna\5.13.0\jna-5.13.0.jar;C:\Users\Aina\.m2\repository\org\brotli\dec\0.1.2\dec-0.1.2.jar;C:\Users\Aina\.m2\repository\org\apache\commons\commons-compress\1.24.0\commons-compress-1.24.0.jar;C:\Users\Aina\.m2\repository\org\apache\httpcomponents\client5\httpclient5\5.2.1\httpclient5-5.2.1.jar;C:\Users\Aina\.m2\repository\org\apache\httpcomponents\core5\httpcore5\5.2\httpcore5-5.2.jar;C:\Users\Aina\.m2\repository\org\apache\httpcomponents\core5\httpcore5-h2\5.2\httpcore5-h2-5.2.jar;"/>
    <property name="sun.cpu.endian" value="little"/>
    <property name="user.home" value="C:\Users\Aina"/>
    <property name="user.language" value="en"/>
    <property name="java.specification.vendor" value="Oracle Corporation"/>
    <property name="java.version.date" value="2024-01-16"/>
    <property name="java.home" value="C:\Users\Aina\.jdks\corretto-17.0.10"/>
    <property name="file.separator" value="\"/>
    <property name="basedir" value="D:\test automation projects\pixel-pals-tests"/>
    <property name="java.vm.compressedOopsMode" value="Zero based"/>
    <property name="line.separator" value="&#10;"/>
    <property name="java.vm.specification.vendor" value="Oracle Corporation"/>
    <property name="java.specification.name" value="Java Platform API Specification"/>
    <property name="user.script" value=""/>
    <property name="sun.management.compiler" value="HotSpot 64-Bit Tiered Compilers"/>
    <property name="java.runtime.version" value="17.0.10+7-LTS"/>
    <property name="user.name" value="Aina"/>
    <property name="path.separator" value=";"/>
    <property name="os.version" value="10.0"/>
    <property name="java.runtime.name" value="OpenJDK Runtime Environment"/>
    <property name="file.encoding" value="Cp1252"/>
    <property name="java.vm.name" value="OpenJDK 64-Bit Server VM"/>
    <property name="java.vendor.version" value="Corretto-17.0.10.7.1"/>
    <property name="localRepository" value="C:\Users\Aina\.m2\repository"/>
    <property name="java.vendor.url.bug" value="https://github.com/corretto/corretto-17/issues/"/>
    <property name="java.io.tmpdir" value="C:\Users\Aina\AppData\Local\Temp\"/>
    <property name="java.version" value="17.0.10"/>
    <property name="user.dir" value="D:\test automation projects\pixel-pals-tests"/>
    <property name="os.arch" value="amd64"/>
    <property name="java.vm.specification.name" value="Java Virtual Machine Specification"/>
    <property name="sun.os.patch.level" value=""/>
    <property name="native.encoding" value="Cp1252"/>
    <property name="java.library.path" value="C:\Users\Aina\.jdks\corretto-17.0.10\bin;C:\WINDOWS\Sun\Java\bin;C:\WINDOWS\system32;C:\WINDOWS;D:\automation\jdk\jdk-11.0.13\bin;C:\Program Files\Common Files\Oracle\Java\javapath;C:\Windows\system32;C:\Windows;C:\Windows\System32\Wbem;C:\Windows\System32\WindowsPowerShell\v1.0\;C:\Program Files (x86)\NVIDIA Corporation\PhysX\Common;C:\Program Files\Intel\WiFi\bin\;C:\Program Files\Common Files\Intel\WirelessCommon\;C:\WINDOWS\system32;C:\WINDOWS;C:\WINDOWS\System32\Wbem;C:\WINDOWS\System32\WindowsPowerShell\v1.0\;C:\WINDOWS\System32\OpenSSH\;C:\Users\Aina\Downloads\apache-maven-3.6.0-bin\apache-maven-3.6.0\bin;D:\automation\android\tools;D:\automation\android\platform-tools;D:\automation\android\build-tools;C:\Program Files\Git\cmd;C:\Program Files\NVIDIA Corporation\NVIDIA NvDLISR;C:\Program Files\dotnet\;C:\ProgramData\chocolatey\bin;C:\Program Files (x86)\dotnet\;C:\WINDOWS\system32;C:\WINDOWS;C:\WINDOWS\System32\Wbem;C:\WINDOWS\System32\WindowsPowerShell\v1.0\;C:\WINDOWS\System32\OpenSSH\;C:\Program Files\PowerShell\7\;D:\Programs\Ruby27-x64\bin;C:\Users\Aina\AppData\Local\Microsoft\WindowsApps;D:\Programs\Microsoft VS Code\bin;D:\Programs\Heroku\bin;;."/>
    <property name="java.vm.info" value="mixed mode, sharing"/>
    <property name="java.vendor" value="Amazon.com Inc."/>
    <property name="java.vm.version" value="17.0.10+7-LTS"/>
    <property name="propertyName" value="test.env"/>
    <property name="sun.io.unicode.encoding" value="UnicodeLittle"/>
    <property name="java.class.version" value="61.0"/>
  </properties>
  <testcase name="runScenario[&quot;Launch Pixel Pals&quot;, &quot;Pixel Pals Landing Page&quot;](1)" classname="applicationrunner.Tests" time="12.829">
    <system-out><![CDATA[2024-04-01 14:18:20.315 [main] DEBUG org.testng.internal.Graph#debug(line:82) - [Graph] ADDING NODE AbstractTestNGCucumberTests.setUpClass(org.testng.ITestContext)[pri:0, instance:null] -393284817
2024-04-01 14:18:20.324 [main] DEBUG org.testng.internal.Graph#debug(line:82) - [Graph] ================ SORTING
2024-04-01 14:18:20.328 [main] DEBUG org.testng.internal.Graph#debug(line:82) - [Graph] =============== DONE SORTING
2024-04-01 14:18:20.329 [main] DEBUG org.testng.internal.Graph#debug(line:82) - [Graph] ====== SORTED NODES
2024-04-01 14:18:20.329 [main] DEBUG org.testng.internal.Graph#debug(line:82) - [Graph] ====== END SORTED NODES
2024-04-01 14:18:20.330 [main] DEBUG org.testng.internal.Graph#debug(line:82) - [Graph] ADDING NODE AbstractTestNGCucumberTests.tearDownClass()[pri:0, instance:null] 1523153566
2024-04-01 14:18:20.331 [main] DEBUG org.testng.internal.Graph#debug(line:82) - [Graph] ================ SORTING
2024-04-01 14:18:20.331 [main] DEBUG org.testng.internal.Graph#debug(line:82) - [Graph] =============== DONE SORTING
2024-04-01 14:18:20.332 [main] DEBUG org.testng.internal.Graph#debug(line:82) - [Graph] ====== SORTED NODES
2024-04-01 14:18:20.332 [main] DEBUG org.testng.internal.Graph#debug(line:82) - [Graph] ====== END SORTED NODES
2024-04-01 14:18:20.342 [main] DEBUG org.testng.internal.Graph#debug(line:82) - [Graph] ADDING NODE AbstractTestNGCucumberTests.runScenario(io.cucumber.testng.PickleWrapper,io.cucumber.testng.FeatureWrapper)[pri:0, instance:applicationrunner.Tests@37d4349f] -213705360
2024-04-01 14:18:20.343 [main] DEBUG org.testng.internal.Graph#debug(line:82) - [Graph] ================ SORTING
2024-04-01 14:18:20.343 [main] DEBUG org.testng.internal.Graph#debug(line:82) - [Graph] =============== DONE SORTING
2024-04-01 14:18:20.343 [main] DEBUG org.testng.internal.Graph#debug(line:82) - [Graph] ====== SORTED NODES
2024-04-01 14:18:20.344 [main] DEBUG org.testng.internal.Graph#debug(line:82) - [Graph] ====== END SORTED NODES
2024-04-01 14:18:21.049 [main] DEBUG stepdefinitions.Hooks#beforeAll(line:48) - before all tests
2024-04-01 14:18:21.050 [main] DEBUG utils.SystemUtils#getSystemProperty(line:26) - getting system property of = dataproviderthreadcount
2024-04-01 14:18:21.051 [main] DEBUG utils.SystemUtils#getSystemProperty(line:29) - system property null! will get default value!
2024-04-01 14:18:21.051 [main] DEBUG utils.SystemUtils#getConfig(line:80) - getting config of = dataproviderthreadcount.default
2024-04-01 14:18:21.052 [main] DEBUG utils.SystemUtils#getConfig(line:82) - value = 3
2024-04-01 14:18:21.052 [main] DEBUG utils.SystemUtils#getSystemProperty(line:32) - property = 3
2024-04-01 14:18:21.053 [main] DEBUG utils.SystemUtils#setSystemProperty(line:48) - setting system property of key = dataproviderthreadcount to value = 3
2024-04-01 14:18:21.318 [TestNG-PoolService-0] DEBUG stepdefinitions.Hooks#beforeScenario(line:40) - starting scenario = Launch Pixel Pals
2024-04-01 14:18:21.320 [TestNG-PoolService-0] DEBUG utils.LoggerUtils#setScenarioName(line:13) - setting scenario name for logger
2024-04-01 14:18:21.320 [TestNG-PoolService-0] DEBUG dto.MainDto#setScenario(line:37) - setting scenario = Launch Pixel Pals
2024-04-01 14:18:21.325 [TestNG-PoolService-0] DEBUG utils.SystemUtils#getConfig(line:80) - getting config of = take.screenshot.before.step
2024-04-01 14:18:21.326 [TestNG-PoolService-0] DEBUG utils.SystemUtils#getConfig(line:82) - value = null
2024-04-01 14:18:21.326 [TestNG-PoolService-0] DEBUG utils.SystemUtils#getSystemProperty(line:26) - getting system property of = test.env
2024-04-01 14:18:21.327 [TestNG-PoolService-0] DEBUG utils.SystemUtils#getSystemProperty(line:29) - system property null! will get default value!
2024-04-01 14:18:21.327 [TestNG-PoolService-0] DEBUG utils.SystemUtils#getConfig(line:80) - getting config of = test.env.default
2024-04-01 14:18:21.327 [TestNG-PoolService-0] DEBUG utils.SystemUtils#getConfig(line:82) - value = prod
2024-04-01 14:18:21.328 [TestNG-PoolService-0] DEBUG utils.SystemUtils#getSystemProperty(line:32) - property = prod
2024-04-01 14:18:21.328 [TestNG-PoolService-0] DEBUG dto.MainDto#setTestEnv(line:47) - setting test env = prod
2024-04-01 14:18:21.329 [TestNG-PoolService-0] DEBUG utils.SystemUtils#getConfig(line:80) - getting config of = take.screenshot.after.step
2024-04-01 14:18:21.329 [TestNG-PoolService-0] DEBUG utils.SystemUtils#getConfig(line:82) - value = null
2024-04-01 14:18:21.331 [TestNG-PoolService-0] DEBUG utils.SystemUtils#getConfig(line:80) - getting config of = take.screenshot.before.step
2024-04-01 14:18:21.331 [TestNG-PoolService-0] DEBUG utils.SystemUtils#getConfig(line:82) - value = null
2024-04-01 14:18:21.342 [TestNG-PoolService-0] DEBUG utils.SystemUtils#getConfig(line:80) - getting config of = explicit.wait.limit
2024-04-01 14:18:21.343 [TestNG-PoolService-0] DEBUG utils.SystemUtils#getConfig(line:82) - value = 30
2024-04-01 14:18:21.344 [TestNG-PoolService-0] DEBUG utils.SystemUtils#getConfig(line:80) - getting config of = ajax.wait.limit
2024-04-01 14:18:21.345 [TestNG-PoolService-0] DEBUG utils.SystemUtils#getConfig(line:82) - value = 10
2024-04-01 14:18:21.345 [TestNG-PoolService-0] DEBUG utils.SystemUtils#getConfig(line:80) - getting config of = explicit.wait.limit
2024-04-01 14:18:21.346 [TestNG-PoolService-0] DEBUG utils.SystemUtils#getConfig(line:82) - value = 30
2024-04-01 14:18:21.346 [TestNG-PoolService-0] DEBUG utils.DriverUtils#initializePage(line:108) - [Initializing Page]Using time from explicit.wait.limit: 30
2024-04-01 14:18:21.347 [TestNG-PoolService-0] DEBUG dto.MainDto#getDriver(line:94) - getting driver = null
2024-04-01 14:18:21.347 [TestNG-PoolService-0] DEBUG dto.MainDto#setApp(line:88) - setting app
2024-04-01 14:18:21.348 [TestNG-PoolService-0] DEBUG dto.MainDto#setApp(line:90) - setting app = PIXEL_PALS
2024-04-01 14:18:21.349 [TestNG-PoolService-0] DEBUG drivers.DriverBase#setDriver(line:58) - setting driver type..
2024-04-01 14:18:21.349 [TestNG-PoolService-0] DEBUG utils.SystemUtils#getSystemProperty(line:26) - getting system property of = driver.type
2024-04-01 14:18:21.349 [TestNG-PoolService-0] DEBUG utils.SystemUtils#getSystemProperty(line:29) - system property null! will get default value!
2024-04-01 14:18:21.349 [TestNG-PoolService-0] DEBUG utils.SystemUtils#getConfig(line:80) - getting config of = driver.type.default
2024-04-01 14:18:21.350 [TestNG-PoolService-0] DEBUG utils.SystemUtils#getConfig(line:82) - value = EdgeWindowsDesktop
2024-04-01 14:18:21.350 [TestNG-PoolService-0] DEBUG utils.SystemUtils#getSystemProperty(line:32) - property = EdgeWindowsDesktop
2024-04-01 14:18:21.350 [TestNG-PoolService-0] DEBUG dto.MainDto#setDriverType(line:79) - setting driver type = EdgeWindowsDesktop
2024-04-01 14:18:21.350 [TestNG-PoolService-0] DEBUG drivers.DriverBase#setDriver(line:61) - driver.type = EdgeWindowsDesktop
2024-04-01 14:18:21.351 [TestNG-PoolService-0] DEBUG drivers.DriverBase#setDriverType(line:29) - setting up driver..
2024-04-01 14:18:21.352 [TestNG-PoolService-0] DEBUG drivers.MyEdgeWindowsDesktopDriver#<init>(line:25) - creating new windows edge browser
2024-04-01 14:18:21.368 [TestNG-PoolService-0] DEBUG drivers.MyEdgeWindowsDesktopDriver#edgeOptions(line:43) - setting edge options
2024-04-01 14:18:21.378 [TestNG-PoolService-0] DEBUG utils.SystemUtils#getConfig(line:80) - getting config of = is.headless
2024-04-01 14:18:21.379 [TestNG-PoolService-0] DEBUG utils.SystemUtils#getConfig(line:82) - value = false
2024-04-01 14:18:24.929 [TestNG-PoolService-0] DEBUG dto.MainDto#setDriver(line:99) - setting driver = EdgeDriver: MicrosoftEdge on windows (4c2c717cb68787056d5c382b5169a509)
2024-04-01 14:18:25.065 [TestNG-PoolService-0] DEBUG utils.SystemUtils#getConfig(line:80) - getting config of = network.logs.capture
2024-04-01 14:18:25.065 [TestNG-PoolService-0] DEBUG utils.SystemUtils#getConfig(line:82) - value = false
2024-04-01 14:18:25.066 [TestNG-PoolService-0] DEBUG dto.MainDto#getEnvURL(line:58) - getting envURl
2024-04-01 14:18:25.066 [TestNG-PoolService-0] DEBUG dto.MainDto#getEnvURL(line:59) - testEnv = 
2024-04-01 14:18:25.067 [TestNG-PoolService-0] DEBUG dto.MainDto#getEnvURL(line:66) - envURL = https://app.pixelpals.ai/
2024-04-01 14:18:25.067 [TestNG-PoolService-0] DEBUG utils.DriverUtils#getURL(line:44) - launching url = https://app.pixelpals.ai/
2024-04-01 14:18:25.068 [TestNG-PoolService-0] DEBUG dto.MainDto#getDriver(line:94) - getting driver = EdgeDriver: MicrosoftEdge on windows (4c2c717cb68787056d5c382b5169a509)
2024-04-01 14:18:25.320 [TestNG-PoolService-0] DEBUG utils.SystemUtils#getConfig(line:80) - getting config of = maximize.browser
2024-04-01 14:18:25.322 [TestNG-PoolService-0] DEBUG utils.SystemUtils#getConfig(line:82) - value = true
2024-04-01 14:18:25.323 [TestNG-PoolService-0] DEBUG utils.DriverUtils#maximizeBrowser(line:66) - maximizing browser!
2024-04-01 14:18:25.323 [TestNG-PoolService-0] DEBUG dto.MainDto#getDriver(line:94) - getting driver = EdgeDriver: MicrosoftEdge on windows (4c2c717cb68787056d5c382b5169a509)
2024-04-01 14:18:26.277 [TestNG-PoolService-0] DEBUG utils.SystemUtils#getConfig(line:80) - getting config of = take.screenshot.after.step
2024-04-01 14:18:26.278 [TestNG-PoolService-0] DEBUG utils.SystemUtils#getConfig(line:82) - value = null
2024-04-01 14:18:26.280 [TestNG-PoolService-0] DEBUG utils.SystemUtils#getConfig(line:80) - getting config of = take.screenshot.before.step
2024-04-01 14:18:26.280 [TestNG-PoolService-0] DEBUG utils.SystemUtils#getConfig(line:82) - value = null
2024-04-01 14:18:26.282 [TestNG-PoolService-0] DEBUG utils.SystemUtils#getConfig(line:80) - getting config of = explicit.wait.limit
2024-04-01 14:18:26.283 [TestNG-PoolService-0] DEBUG utils.SystemUtils#getConfig(line:82) - value = 30
2024-04-01 14:18:26.284 [TestNG-PoolService-0] DEBUG utils.SystemUtils#getConfig(line:80) - getting config of = customize.sleep.time
2024-04-01 14:18:26.286 [TestNG-PoolService-0] DEBUG utils.SystemUtils#getConfig(line:82) - value = 500
2024-04-01 14:18:26.286 [TestNG-PoolService-0] DEBUG utils.SystemUtils#getConfig(line:80) - getting config of = customize.poll.time
2024-04-01 14:18:26.287 [TestNG-PoolService-0] DEBUG utils.SystemUtils#getConfig(line:82) - value = 2
2024-04-01 14:18:26.288 [TestNG-PoolService-0] DEBUG utils.SystemUtils#getConfig(line:80) - getting config of = customize.fluent.wait.time
2024-04-01 14:18:26.289 [TestNG-PoolService-0] DEBUG utils.SystemUtils#getConfig(line:82) - value = 30
2024-04-01 14:18:26.289 [TestNG-PoolService-0] DEBUG utils.WaitUtils#waitUntilElementIsDisplayed(line:126) - Waiting for By:By.id: react-unity-webgl-canvas-1 to be displayed
2024-04-01 14:18:26.290 [TestNG-PoolService-0] DEBUG utils.WaitUtils#setWebDriverWait(line:33) - Clock: SystemClock[Asia/Singapore]
2024-04-01 14:18:26.291 [TestNG-PoolService-0] DEBUG utils.WaitUtils#setWebDriverWait(line:34) - Sleeper: org.openqa.selenium.support.ui.Sleeper$$Lambda$853/0x000001cd47379560@6cc082e4
2024-04-01 14:18:26.292 [TestNG-PoolService-0] DEBUG utils.WaitUtils#setWebDriverWait(line:35) - Timeout in seconds: 30
2024-04-01 14:18:26.292 [TestNG-PoolService-0] DEBUG utils.WaitUtils#setWebDriverWait(line:36) - Sleep in milliseconds: 500
2024-04-01 14:18:26.294 [TestNG-PoolService-0] DEBUG dto.MainDto#getDriver(line:94) - getting driver = EdgeDriver: MicrosoftEdge on windows (4c2c717cb68787056d5c382b5169a509)
2024-04-01 14:18:33.618 [TestNG-PoolService-0] DEBUG utils.AssertionUtils#assertIsDisplayed(line:181) - asserting if element by = By.id: react-unity-webgl-canvas-1 is displayed
2024-04-01 14:18:33.620 [TestNG-PoolService-0] DEBUG utils.SystemUtils#getConfig(line:80) - getting config of = explicit.wait.limit
2024-04-01 14:18:33.621 [TestNG-PoolService-0] DEBUG utils.SystemUtils#getConfig(line:82) - value = 30
2024-04-01 14:18:33.621 [TestNG-PoolService-0] DEBUG utils.SystemUtils#getConfig(line:80) - getting config of = scroll.limit
2024-04-01 14:18:33.621 [TestNG-PoolService-0] DEBUG utils.SystemUtils#getConfig(line:82) - value = 30
2024-04-01 14:18:33.622 [TestNG-PoolService-0] DEBUG utils.SystemUtils#getConfig(line:80) - getting config of = customize.sleep.time
2024-04-01 14:18:33.628 [TestNG-PoolService-0] DEBUG utils.SystemUtils#getConfig(line:82) - value = 500
2024-04-01 14:18:33.628 [TestNG-PoolService-0] DEBUG utils.ElementUtils#findByElement(line:451) - finding by element by = By.id: react-unity-webgl-canvas-1
2024-04-01 14:18:33.629 [TestNG-PoolService-0] DEBUG utils.WaitUtils#waitUntilElementIsDisplayed(line:126) - Waiting for By:By.id: react-unity-webgl-canvas-1 to be displayed
2024-04-01 14:18:33.629 [TestNG-PoolService-0] DEBUG utils.WaitUtils#setWebDriverWait(line:33) - Clock: SystemClock[Asia/Singapore]
2024-04-01 14:18:33.629 [TestNG-PoolService-0] DEBUG utils.WaitUtils#setWebDriverWait(line:34) - Sleeper: org.openqa.selenium.support.ui.Sleeper$$Lambda$853/0x000001cd47379560@6cc082e4
2024-04-01 14:18:33.630 [TestNG-PoolService-0] DEBUG utils.WaitUtils#setWebDriverWait(line:35) - Timeout in seconds: 30
2024-04-01 14:18:33.630 [TestNG-PoolService-0] DEBUG utils.WaitUtils#setWebDriverWait(line:36) - Sleep in milliseconds: 500
2024-04-01 14:18:33.630 [TestNG-PoolService-0] DEBUG dto.MainDto#getDriver(line:94) - getting driver = EdgeDriver: MicrosoftEdge on windows (4c2c717cb68787056d5c382b5169a509)
2024-04-01 14:18:33.656 [TestNG-PoolService-0] DEBUG utils.ElementUtils#isElementDisplayed(line:33) - Checking if WebElement: [[EdgeDriver: MicrosoftEdge on windows (4c2c717cb68787056d5c382b5169a509)] -> id: react-unity-webgl-canvas-1] is displayed
2024-04-01 14:18:33.657 [TestNG-PoolService-0] DEBUG dto.MainDto#getDriver(line:94) - getting driver = EdgeDriver: MicrosoftEdge on windows (4c2c717cb68787056d5c382b5169a509)
2024-04-01 14:18:33.687 [TestNG-PoolService-0] DEBUG utils.ElementUtils#isElementDisplayed(line:41) - element is displayed? = true
2024-04-01 14:18:33.688 [TestNG-PoolService-0] DEBUG utils.AssertionUtils#assertIsDisplayed(line:184) - element = [[EdgeDriver: MicrosoftEdge on windows (4c2c717cb68787056d5c382b5169a509)] -> id: react-unity-webgl-canvas-1] displayed = true
2024-04-01 14:18:33.688 [TestNG-PoolService-0] DEBUG utils.AssertionUtils#assertTrue(line:98) - asserting to true = true
2024-04-01 14:18:33.688 [TestNG-PoolService-0] DEBUG utils.SystemUtils#getConfig(line:80) - getting config of = take.screenshot.after.step
2024-04-01 14:18:33.689 [TestNG-PoolService-0] DEBUG utils.SystemUtils#getConfig(line:82) - value = null
2024-04-01 14:18:33.689 [TestNG-PoolService-0] DEBUG stepdefinitions.Hooks#afterScenario(line:54) - executing after scenario hooks!
2024-04-01 14:18:33.689 [TestNG-PoolService-0] DEBUG utils.SystemUtils#createTextFile(line:143) - creating new file with file name = target/failedScenarios.txt
2024-04-01 14:18:33.689 [TestNG-PoolService-0] DEBUG utils.SystemUtils#createTextFile(line:147) - File created: failedScenarios.txt
2024-04-01 14:18:33.690 [TestNG-PoolService-0] DEBUG stepdefinitions.Hooks#afterScenario(line:56) - Scenario status = PASSED
2024-04-01 14:18:33.691 [TestNG-PoolService-0] DEBUG utils.DriverUtils#takeScreenshot(line:147) - taking screenshot!
2024-04-01 14:18:33.691 [TestNG-PoolService-0] DEBUG dto.MainDto#getDriver(line:94) - getting driver = EdgeDriver: MicrosoftEdge on windows (4c2c717cb68787056d5c382b5169a509)
2024-04-01 14:18:33.691 [TestNG-PoolService-0] DEBUG dto.MainDto#getPlatformType(line:52) - getting platform type = WINDOWS
2024-04-01 14:18:33.691 [TestNG-PoolService-0] DEBUG dto.MainDto#getDriver(line:94) - getting driver = EdgeDriver: MicrosoftEdge on windows (4c2c717cb68787056d5c382b5169a509)
2024-04-01 14:18:33.862 [TestNG-PoolService-0] DEBUG dto.MainDto#getScenario(line:32) - getting scenario = Launch Pixel Pals
2024-04-01 14:18:33.862 [TestNG-PoolService-0] DEBUG dto.MainDto#getScenario(line:32) - getting scenario = Launch Pixel Pals
2024-04-01 14:18:33.866 [TestNG-PoolService-0] DEBUG dto.MainDto#teardownDriver(line:104) - quitting driver = EdgeDriver: MicrosoftEdge on windows (4c2c717cb68787056d5c382b5169a509)
2024-04-01 14:18:33.867 [TestNG-PoolService-0] DEBUG utils.SystemUtils#getConfig(line:80) - getting config of = isclose.browser.after.execution
2024-04-01 14:18:33.868 [TestNG-PoolService-0] DEBUG utils.SystemUtils#getConfig(line:82) - value = false
]]></system-out>
    <system-err><![CDATA[Apr 01, 2024 2:18:24 PM org.openqa.selenium.devtools.CdpVersionFinder findNearestMatch
WARNING: Unable to find an exact match for CDP version 123, returning the closest version; found: 120; Please update to a Selenium version that supports CDP version 123
]]></system-err>
  </testcase>
</testsuite>