<?xml version="1.0" encoding="UTF-8"?>
<!-- Generated by org.testng.reporters.JUnitReportReporter -->
<testsuite hostname="DESKTOP-R2BC0FV" failures="0" tests="1" name="applicationrunner.Tests" time="12.711" errors="0" timestamp="2024-04-01T14:18:34 SGT" skipped="0">
  <testcase classname="applicationrunner.Tests" name="runScenario" time="12.711"/>
  <system-out/>
</testsuite> <!-- applicationrunner.Tests -->
